<?xml version="1.0" encoding="UTF-8"?>
<!-- Generated by org.testng.reporters.JUnitXMLReporter -->
<testsuite ignored="0" hostname="AISWARYA" failures="0" tests="5" name="Default test" time="104.916" errors="0" timestamp="2026-03-14T13:10:21 IST">
  <testcase classname="TESTPACKAGE.Test_class" name="verifyTitle" time="0.037"/>
  <testcase classname="TESTPACKAGE.Test_class" name="loginTest" time="49.867"/>
  <testcase classname="TESTPACKAGE.Test_class" name="hoverCollection" time="24.434"/>
  <testcase classname="TESTPACKAGE.Test_class" name="addProductToCart" time="0.583"/>
  <testcase classname="TESTPACKAGE.Test_class" name="takeScreenshot" time="0.461"/>
</testsuite> <!-- Default test -->
