<?xml version="1.0" encoding="UTF-8"?>
<testng-results ignored="0" total="5" passed="5" failed="0" skipped="0">
  <reporter-output>
  </reporter-output>
  <suite started-at="2026-03-14T13:08:36 IST" name="Default suite" finished-at="2026-03-14T13:10:21 IST" duration-ms="104916">
    <groups>
    </groups>
    <test started-at="2026-03-14T13:08:36 IST" name="Default test" finished-at="2026-03-14T13:10:21 IST" duration-ms="104916">
      <class name="TESTPACKAGE.Test_class">
        <test-method is-config="true" signature="setup()[pri:0, instance:TESTPACKAGE.Test_class@1fa121e2]" started-at="2026-03-14T13:08:36 IST" name="setup" finished-at="2026-03-14T13:09:03 IST" duration-ms="26793" status="PASS">
          <reporter-output>
          </reporter-output>
        </test-method> <!-- setup -->
        <test-method is-config="true" signature="createObjects()[pri:0, instance:TESTPACKAGE.Test_class@1fa121e2]" started-at="2026-03-14T13:09:03 IST" name="createObjects" finished-at="2026-03-14T13:09:03 IST" duration-ms="61" status="PASS">
          <reporter-output>
          </reporter-output>
        </test-method> <!-- createObjects -->
        <test-method signature="verifyTitle()[pri:1, instance:TESTPACKAGE.Test_class@1fa121e2]" started-at="2026-03-14T13:09:03 IST" name="verifyTitle" finished-at="2026-03-14T13:09:03 IST" duration-ms="37" status="PASS">
          <reporter-output>
          </reporter-output>
        </test-method> <!-- verifyTitle -->
        <test-method is-config="true" signature="createObjects()[pri:0, instance:TESTPACKAGE.Test_class@1fa121e2]" started-at="2026-03-14T13:09:03 IST" name="createObjects" finished-at="2026-03-14T13:09:03 IST" duration-ms="1" status="PASS">
          <reporter-output>
          </reporter-output>
        </test-method> <!-- createObjects -->
        <test-method signature="loginTest()[pri:2, instance:TESTPACKAGE.Test_class@1fa121e2]" started-at="2026-03-14T13:09:03 IST" name="loginTest" finished-at="2026-03-14T13:09:53 IST" duration-ms="49867" status="PASS">
          <reporter-output>
          </reporter-output>
        </test-method> <!-- loginTest -->
        <test-method is-config="true" signature="createObjects()[pri:0, instance:TESTPACKAGE.Test_class@1fa121e2]" started-at="2026-03-14T13:09:53 IST" name="createObjects" finished-at="2026-03-14T13:09:53 IST" duration-ms="1" status="PASS">
          <reporter-output>
          </reporter-output>
        </test-method> <!-- createObjects -->
        <test-method signature="hoverCollection()[pri:3, instance:TESTPACKAGE.Test_class@1fa121e2]" started-at="2026-03-14T13:09:53 IST" name="hoverCollection" finished-at="2026-03-14T13:10:17 IST" duration-ms="24434" status="PASS">
          <reporter-output>
          </reporter-output>
        </test-method> <!-- hoverCollection -->
        <test-method is-config="true" signature="createObjects()[pri:0, instance:TESTPACKAGE.Test_class@1fa121e2]" started-at="2026-03-14T13:10:17 IST" name="createObjects" finished-at="2026-03-14T13:10:17 IST" duration-ms="2" status="PASS">
          <reporter-output>
          </reporter-output>
        </test-method> <!-- createObjects -->
        <test-method signature="addProductToCart()[pri:4, instance:TESTPACKAGE.Test_class@1fa121e2]" started-at="2026-03-14T13:10:17 IST" name="addProductToCart" finished-at="2026-03-14T13:10:18 IST" duration-ms="583" status="PASS">
          <reporter-output>
          </reporter-output>
        </test-method> <!-- addProductToCart -->
        <test-method is-config="true" signature="createObjects()[pri:0, instance:TESTPACKAGE.Test_class@1fa121e2]" started-at="2026-03-14T13:10:18 IST" name="createObjects" finished-at="2026-03-14T13:10:18 IST" duration-ms="2" status="PASS">
          <reporter-output>
          </reporter-output>
        </test-method> <!-- createObjects -->
        <test-method signature="takeScreenshot()[pri:5, instance:TESTPACKAGE.Test_class@1fa121e2]" started-at="2026-03-14T13:10:18 IST" name="takeScreenshot" finished-at="2026-03-14T13:10:18 IST" duration-ms="461" status="PASS">
          <reporter-output>
          </reporter-output>
        </test-method> <!-- takeScreenshot -->
        <test-method is-config="true" signature="tearDown()[pri:0, instance:TESTPACKAGE.Test_class@1fa121e2]" started-at="2026-03-14T13:10:18 IST" name="tearDown" finished-at="2026-03-14T13:10:21 IST" duration-ms="2569" status="PASS">
          <reporter-output>
          </reporter-output>
        </test-method> <!-- tearDown -->
      </class> <!-- TESTPACKAGE.Test_class -->
    </test> <!-- Default test -->
  </suite> <!-- Default suite -->
</testng-results>
