<?xml version="1.0" encoding="UTF-8"?>
<!-- Generated by org.testng.reporters.JUnitReportReporter -->
<testsuite hostname="AISWARYA" failures="0" tests="5" name="TESTPACKAGE.Test_class" time="75.449" errors="0" timestamp="2026-03-14T13:10:21 IST" skipped="0">
  <testcase classname="TESTPACKAGE.Test_class" name="verifyTitle" time="0.038"/>
  <testcase classname="TESTPACKAGE.Test_class" name="loginTest" time="49.869"/>
  <testcase classname="TESTPACKAGE.Test_class" name="hoverCollection" time="24.495"/>
  <testcase classname="TESTPACKAGE.Test_class" name="addProductToCart" time="0.585"/>
  <testcase classname="TESTPACKAGE.Test_class" name="takeScreenshot" time="0.462"/>
</testsuite> <!-- TESTPACKAGE.Test_class -->
